<?xml version="1.0" encoding="UTF-8"?>
<testsuite xmlns:xsi="http://www.w3.org/2001/XMLSchema-instance" xsi:noNamespaceSchemaLocation="https://maven.apache.org/surefire/maven-surefire-plugin/xsd/surefire-test-report.xsd" version="3.0.2" name="com.example.ecommerce.EcommerceApplicationTests" time="6.507" tests="1" errors="0" skipped="0" failures="0">
  <properties>
[...]
</properties>
  <testcase name="contextLoads" classname="com.example.ecommerce.EcommerceApplicationTests" time="0.46">
    <system-out><![CDATA[23:14:06.802 [main] INFO org.springframework.test.context.support.AnnotationConfigContextLoaderUtils -- Could not detect default configuration classes for test class [com.example.ecommerce.EcommerceApplicationTests]: EcommerceApplicationTests does not declare any static, non-private, non-final, nested classes annotated with @Configuration.
23:14:06.944 [main] INFO org.springframework.boot.test.context.SpringBootTestContextBootstrapper -- Found @SpringBootConfiguration com.example.ecommerce.EcommerceApplication for test class com.example.ecommerce.EcommerceApplicationTests
23:14:07.165 [main] INFO org.springframework.boot.devtools.restart.RestartApplicationListener -- Restart disabled due to context in which it is running

  .   ____          _            __ _ _
 /\\ / ___'_ __ _ _(_)_ __  __ _ \ \ \ \
( ( )\___ | '_ | '_| | '_ \/ _` | \ \ \ \
 \\/  ___)| |_)| | | | | || (_| |  ) ) ) )
  '  |____| .__|_| |_|_| |_\__, | / / / /
 =========|_|==============|___/=/_/_/_/

 :: Spring Boot ::                (v3.5.7)

2025-11-09T23:14:07.518+05:30  INFO 14308 --- [           main] c.e.ecommerce.EcommerceApplicationTests  : Starting EcommerceApplicationTests using Java 21.0.9 with PID 14308 (started by Dell in C:\Users\Dell\Downloads\ecommerce\ecommerce)
2025-11-09T23:14:07.519+05:30  INFO 14308 --- [           main] c.e.ecommerce.EcommerceApplicationTests  : No active profile set, falling back to 1 default profile: "default"
2025-11-09T23:14:08.371+05:30  INFO 14308 --- [           main] .s.d.r.c.RepositoryConfigurationDelegate : Bootstrapping Spring Data JPA repositories in DEFAULT mode.
2025-11-09T23:14:08.445+05:30  INFO 14308 --- [           main] .s.d.r.c.RepositoryConfigurationDelegate : Finished Spring Data repository scanning in 63 ms. Found 4 JPA repository interfaces.
2025-11-09T23:14:08.945+05:30  INFO 14308 --- [           main] o.hibernate.jpa.internal.util.LogHelper  : HHH000204: Processing PersistenceUnitInfo [name: default]
2025-11-09T23:14:09.016+05:30  INFO 14308 --- [           main] org.hibernate.Version                    : HHH000412: Hibernate ORM core version 6.6.33.Final
2025-11-09T23:14:09.058+05:30  INFO 14308 --- [           main] o.h.c.internal.RegionFactoryInitiator    : HHH000026: Second-level cache disabled
2025-11-09T23:14:09.497+05:30  INFO 14308 --- [           main] o.s.o.j.p.SpringPersistenceUnitInfo      : No LoadTimeWeaver setup: ignoring JPA class transformer
2025-11-09T23:14:09.535+05:30  INFO 14308 --- [           main] com.zaxxer.hikari.HikariDataSource       : HikariPool-1 - Starting...
2025-11-09T23:14:09.749+05:30  INFO 14308 --- [           main] com.zaxxer.hikari.pool.HikariPool        : HikariPool-1 - Added connection com.mysql.cj.jdbc.ConnectionImpl@5f5c187d
2025-11-09T23:14:09.752+05:30  INFO 14308 --- [           main] com.zaxxer.hikari.HikariDataSource       : HikariPool-1 - Start completed.
2025-11-09T23:14:09.800+05:30  WARN 14308 --- [           main] org.hibernate.orm.deprecation            : HHH90000025: MySQL8Dialect does not need to be specified explicitly using 'hibernate.dialect' (remove the property setting and it will be selected by default)
2025-11-09T23:14:09.801+05:30  WARN 14308 --- [           main] org.hibernate.orm.deprecation            : HHH90000026: MySQL8Dialect has been deprecated; use org.hibernate.dialect.MySQLDialect instead
2025-11-09T23:14:09.819+05:30  INFO 14308 --- [           main] org.hibernate.orm.connections.pooling    : HHH10001005: Database info:
	Database JDBC URL [Connecting through datasource 'HikariDataSource (HikariPool-1)']
	Database driver: undefined/unknown
	Database version: 8.0
	Autocommit mode: undefined/unknown
	Isolation level: undefined/unknown
	Minimum pool size: undefined/unknown
	Maximum pool size: undefined/unknown
2025-11-09T23:14:10.836+05:30  INFO 14308 --- [           main] o.h.e.t.j.p.i.JtaPlatformInitiator       : HHH000489: No JTA platform available (set 'hibernate.transaction.jta.platform' to enable JTA platform integration)
2025-11-09T23:14:10.915+05:30 DEBUG 14308 --- [           main] org.hibernate.SQL                        : 
    create table order_items (
        id bigint not null auto_increment,
        product_id bigint,
        product_image varchar(255),
        product_title varchar(255),
        quantity integer,
        total_price float(53),
        unit_price float(53),
        order_id bigint,
        primary key (id)
    ) engine=InnoDB
Hibernate: 
    create table order_items (
        id bigint not null auto_increment,
        product_id bigint,
        product_image varchar(255),
        product_title varchar(255),
        quantity integer,
        total_price float(53),
        unit_price float(53),
        order_id bigint,
        primary key (id)
    ) engine=InnoDB
2025-11-09T23:14:10.951+05:30 DEBUG 14308 --- [           main] org.hibernate.SQL                        : 
    create table orders (
        id bigint not null auto_increment,
        address_line varchar(255),
        city varchar(255),
        name varchar(255),
        phone varchar(255),
        pincode varchar(255),
        state varchar(255),
        delivered_at datetime(6),
        discount float(53),
        placed_at datetime(6),
        promo_code varchar(255),
        status enum ('CANCELLED','DELIVERED','PENDING'),
        subtotal float(53),
        total_amount float(53),
        primary key (id)
    ) engine=InnoDB
Hibernate: 
    create table orders (
        id bigint not null auto_increment,
        address_line varchar(255),
        city varchar(255),
        name varchar(255),
        phone varchar(255),
        pincode varchar(255),
        state varchar(255),
        delivered_at datetime(6),
        discount float(53),
        placed_at datetime(6),
        promo_code varchar(255),
        status enum ('CANCELLED','DELIVERED','PENDING'),
        subtotal float(53),
        total_amount float(53),
        primary key (id)
    ) engine=InnoDB
2025-11-09T23:14:10.980+05:30 DEBUG 14308 --- [           main] org.hibernate.SQL                        : 
    create table products (
        id bigint not null auto_increment,
        category varchar(255),
        created_at datetime(6),
        description TEXT,
        image varchar(255),
        price float(53) not null,
        rating_count integer,
        rating_rate float(53),
        title varchar(255) not null,
        primary key (id)
    ) engine=InnoDB
Hibernate: 
    create table products (
        id bigint not null auto_increment,
        category varchar(255),
        created_at datetime(6),
        description TEXT,
        image varchar(255),
        price float(53) not null,
        rating_count integer,
        rating_rate float(53),
        title varchar(255) not null,
        primary key (id)
    ) engine=InnoDB
2025-11-09T23:14:11.002+05:30 DEBUG 14308 --- [           main] org.hibernate.SQL                        : 
    create table promo_codes (
        id bigint not null auto_increment,
        active bit not null,
        code varchar(255) not null,
        discount_amount float(53),
        discount_percent float(53),
        min_order_amount float(53),
        valid_from datetime(6),
        valid_till datetime(6),
        primary key (id)
    ) engine=InnoDB
Hibernate: 
    create table promo_codes (
        id bigint not null auto_increment,
        active bit not null,
        code varchar(255) not null,
        discount_amount float(53),
        discount_percent float(53),
        min_order_amount float(53),
        valid_from datetime(6),
        valid_till datetime(6),
        primary key (id)
    ) engine=InnoDB
2025-11-09T23:14:11.024+05:30 DEBUG 14308 --- [           main] org.hibernate.SQL                        : 
    create index idx_promo_code 
       on promo_codes (code)
Hibernate: 
    create index idx_promo_code 
       on promo_codes (code)
2025-11-09T23:14:11.048+05:30 DEBUG 14308 --- [           main] org.hibernate.SQL                        : 
    alter table promo_codes 
       drop index UKj9mo0xgfs34t6e3c17anidd83
Hibernate: 
    alter table promo_codes 
       drop index UKj9mo0xgfs34t6e3c17anidd83
2025-11-09T23:14:11.499+05:30 DEBUG 14308 --- [           main] org.hibernate.SQL                        : 
    alter table promo_codes 
       add constraint UKj9mo0xgfs34t6e3c17anidd83 unique (code)
Hibernate: 
    alter table promo_codes 
       add constraint UKj9mo0xgfs34t6e3c17anidd83 unique (code)
2025-11-09T23:14:11.524+05:30 DEBUG 14308 --- [           main] org.hibernate.SQL                        : 
    alter table order_items 
       add constraint FKbioxgbv59vetrxe0ejfubep1w 
       foreign key (order_id) 
       references orders (id)
Hibernate: 
    alter table order_items 
       add constraint FKbioxgbv59vetrxe0ejfubep1w 
       foreign key (order_id) 
       references orders (id)
2025-11-09T23:14:11.620+05:30  INFO 14308 --- [           main] j.LocalContainerEntityManagerFactoryBean : Initialized JPA EntityManagerFactory for persistence unit 'default'
2025-11-09T23:14:12.193+05:30  WARN 14308 --- [           main] JpaBaseConfiguration$JpaWebConfiguration : spring.jpa.open-in-view is enabled by default. Therefore, database queries may be performed during view rendering. Explicitly configure spring.jpa.open-in-view to disable this warning
2025-11-09T23:14:12.649+05:30  INFO 14308 --- [           main] c.e.ecommerce.EcommerceApplicationTests  : Started EcommerceApplicationTests in 5.497 seconds (process running for 6.73)
]]></system-out>
    <system-err><![CDATA[Mockito is currently self-attaching to enable the inline-mock-maker. This will no longer work in future releases of the JDK. Please add Mockito as an agent to your build as described in Mockito's documentation: https://javadoc.io/doc/org.mockito/mockito-core/latest/org.mockito/org/mockito/Mockito.html#0.3
WARNING: A Java agent has been loaded dynamically (C:\Users\Dell\.m2\repository\net\bytebuddy\byte-buddy-agent\1.17.8\byte-buddy-agent-1.17.8.jar)
WARNING: If a serviceability tool is in use, please run with -XX:+EnableDynamicAgentLoading to hide this warning
WARNING: If a serviceability tool is not in use, please run with -Djdk.instrument.traceUsage for more information
WARNING: Dynamic loading of agents will be disallowed by default in a future release
]]></system-err>
  </testcase>
</testsuite>